0 info it worked if it ends with ok
1 verbose cli [ '/Users/kevinohara/.nvm/versions/node/v6.2.2/bin/node',
1 verbose cli   '/Users/kevinohara/.nvm/versions/node/v6.2.2/bin/npm',
1 verbose cli   'run',
1 verbose cli   'deploy',
1 verbose cli   '--',
1 verbose cli   '--org',
1 verbose cli   'foobar' ]
2 info using npm@3.10.3
3 info using node@v6.2.2
4 verbose run-script [ 'predeploy', 'deploy', 'postdeploy' ]
5 info lifecycle df16@1.0.0~predeploy: df16@1.0.0
6 verbose lifecycle df16@1.0.0~predeploy: unsafe-perm in lifecycle true
7 verbose lifecycle df16@1.0.0~predeploy: PATH: /Users/kevinohara/.nvm/versions/node/v6.2.2/lib/node_modules/npm/bin/node-gyp-bin:/Users/kevinohara/dev/l11/df16/node_modules/.bin:/Users/kevinohara/.nvm/versions/node/v6.2.2/bin:/usr/local/heroku/bin:/Users/kevinohara/.nvm/versions/node/v6.2.2/bin:/usr/local/bin:/usr/bin:/bin:/usr/sbin:/sbin:/Applications/Postgres.app/Contents/Versions/9.4/bin
8 verbose lifecycle df16@1.0.0~predeploy: CWD: /Users/kevinohara/dev/l11/df16
9 silly lifecycle df16@1.0.0~predeploy: Args: [ '-c', 'npm run build' ]
10 silly lifecycle df16@1.0.0~predeploy: Returned: code: 0  signal: null
11 info lifecycle df16@1.0.0~deploy: df16@1.0.0
12 verbose lifecycle df16@1.0.0~deploy: unsafe-perm in lifecycle true
13 verbose lifecycle df16@1.0.0~deploy: PATH: /Users/kevinohara/.nvm/versions/node/v6.2.2/lib/node_modules/npm/bin/node-gyp-bin:/Users/kevinohara/dev/l11/df16/node_modules/.bin:/Users/kevinohara/.nvm/versions/node/v6.2.2/bin:/usr/local/heroku/bin:/Users/kevinohara/.nvm/versions/node/v6.2.2/bin:/usr/local/bin:/usr/bin:/bin:/usr/sbin:/sbin:/Applications/Postgres.app/Contents/Versions/9.4/bin
14 verbose lifecycle df16@1.0.0~deploy: CWD: /Users/kevinohara/dev/l11/df16
15 silly lifecycle df16@1.0.0~deploy: Args: [ '-c', 'dmc deploy src/**/* "--org" "foobar"' ]
16 silly lifecycle df16@1.0.0~deploy: Returned: code: 1  signal: null
17 info lifecycle df16@1.0.0~deploy: Failed to exec deploy script
18 verbose stack Error: df16@1.0.0 deploy: `dmc deploy src/**/* "--org" "foobar"`
18 verbose stack Exit status 1
18 verbose stack     at EventEmitter.<anonymous> (/Users/kevinohara/.nvm/versions/node/v6.2.2/lib/node_modules/npm/lib/utils/lifecycle.js:242:16)
18 verbose stack     at emitTwo (events.js:106:13)
18 verbose stack     at EventEmitter.emit (events.js:191:7)
18 verbose stack     at ChildProcess.<anonymous> (/Users/kevinohara/.nvm/versions/node/v6.2.2/lib/node_modules/npm/lib/utils/spawn.js:40:14)
18 verbose stack     at emitTwo (events.js:106:13)
18 verbose stack     at ChildProcess.emit (events.js:191:7)
18 verbose stack     at maybeClose (internal/child_process.js:852:16)
18 verbose stack     at Process.ChildProcess._handle.onexit (internal/child_process.js:215:5)
19 verbose pkgid df16@1.0.0
20 verbose cwd /Users/kevinohara/dev/l11/df16
21 error Darwin 15.6.0
22 error argv "/Users/kevinohara/.nvm/versions/node/v6.2.2/bin/node" "/Users/kevinohara/.nvm/versions/node/v6.2.2/bin/npm" "run" "deploy" "--" "--org" "foobar"
23 error node v6.2.2
24 error npm  v3.10.3
25 error code ELIFECYCLE
26 error df16@1.0.0 deploy: `dmc deploy src/**/* "--org" "foobar"`
26 error Exit status 1
27 error Failed at the df16@1.0.0 deploy script 'dmc deploy src/**/* "--org" "foobar"'.
27 error Make sure you have the latest version of node.js and npm installed.
27 error If you do, this is most likely a problem with the df16 package,
27 error not with npm itself.
27 error Tell the author that this fails on your system:
27 error     dmc deploy src/**/* "--org" "foobar"
27 error You can get information on how to open an issue for this project with:
27 error     npm bugs df16
27 error Or if that isn't available, you can get their info via:
27 error     npm owner ls df16
27 error There is likely additional logging output above.
28 verbose exit [ 1, true ]
